


materialPath: I:\steam\steamapps\common\Counter-Strike Global Offensive\csgo\materials
Loading i:\csgodev\map\flat_grass_5120x3.vmf
Map revision 1
fixing up env_cubemap materials on brush sides...
0...1...2...3...4...5...6...7...8...9...100...1...2...3...4...5...6...7...8...9...10Processing areas...done (0)
Building Faces...done (0)
FixTjuncs...
PruneNodes...
WriteBSP...
done (0)
writing i:\csgodev\map\flat_grass_5120x3.prt...Building visibility clusters...
done (0)
Finding displacement neighbors...
Finding lightmap sample positions...
Displacement Alpha : 0...1...2...3...4...5...6...7...8...9...10
Building Physics collision data...
done (0) (2388 bytes)
Placing detail props : 0...1...2...3...4...5...6...7...8...9...10
Compacting texture/material tables...
Reduced 6 texinfos to 4
Reduced 2 texdatas to 2 (55 bytes to 55)
Writing i:\csgodev\map\flat_grass_5120x3.bsp
0 seconds elapsed



8 threads
reading i:\csgodev\map\flat_grass_5120x3.bsp
reading i:\csgodev\map\flat_grass_5120x3.prt
  25 portalclusters
  40 numportals
0...1...2...3...4...5...6...7...8...9...100...1...2...3...4...5...6...7...8...9...10Optimized: 0 visible clusters (0.00%)
Total clusters visible: 625
Average clusters visible: 25
Building PAS...
Average clusters audible: 25
visdatasize:404  compressed from 400
writing i:\csgodev\map\flat_grass_5120x3.bsp
0 seconds elapsed



[Reading texlights from 'lights.rad']
[17 texlights parsed from 'lights.rad']

Loading i:\csgodev\map\flat_grass_5120x3.bsp
270 faces
1083749 square feet [156059968.00 square inches]
0 Displacements
0 Square Feet [0.00 Square Inches]
270 patches before subdivision
14270 patches after subdivision
0 direct lights
0...1...2...3...4...5...6...7...8...9...100...1...2...3...4...5...6...7...8...9...10transfers 336530, max 265
transfer lists:   2.6 megs
0...1...2...3...4...5...6...7...8...9...10	Bounce #1 added RGB(0, 0, 0)
Build Patch/Sample Hash Table(s).....Done<0.0050 sec>
0...1...2...3...4...5...6...7...8...9...10FinalLightFace Done
0 of 0 (0% of) surface lights went in leaf ambient cubes.
0...1...2...3...4...5...6...7...8...9...10Writing leaf ambient...done
Ready to Finish

Object names       Objects/Maxobjs  Memory / Maxmem  Fullness 
------------       ---------------  ---------------  -------- 
models                   1/1024           48/49152    ( 0.1%) 
brushes                  6/8192           72/98304    ( 0.1%) 
brushsides              36/65536         288/524288   ( 0.1%) 
planes                  48/65536         960/1310720  ( 0.1%) 
vertexes               309/65536        3708/786432   ( 0.5%) 
nodes                  107/65536        3424/2097152  ( 0.2%) 
texinfos                 4/12288         288/884736   ( 0.0%) 
texdata                  2/2048           64/65536    ( 0.1%) 
dispinfos                0/0               0/0        ( 0.0%) 
disp_verts               0/0               0/0        ( 0.0%) 
disp_tris                0/0               0/0        ( 0.0%) 
disp_multiblend          0/0               0/0        ( 0.0%) 
disp_lmsamples           0/0               0/0        ( 0.0%) 
faces                  270/65536       15120/3670016  ( 0.4%) 
hdr faces                0/65536           0/3670016  ( 0.0%) 
origfaces                6/65536         336/3670016  ( 0.0%) 
facebrushes              0/0               0/0        ( 0.0%) 
facebrushlists         270/0            1080/0        ( 0.0%) 
leaves                 109/65536        3488/2097152  ( 0.2%) 
leaffaces              270/65536         540/131072   ( 0.4%) 
leafbrushes             70/65536         140/131072   ( 0.1%) 
areas                    2/1024           16/8192     ( 0.2%) 
surfedges             1144/512000       4576/2048000  ( 0.2%) 
edges                  585/256000       2340/1024000  ( 0.2%) 
LDR worldlights          0/8192            0/819200   ( 0.0%) 
HDR worldlights          0/8192            0/819200   ( 0.0%) 
leafwaterdata            0/32768           0/393216   ( 0.0%) 
waterstrips              0/32768           0/327680   ( 0.0%) 
waterverts               0/65536           0/786432   ( 0.0%) 
waterindices             0/65536           0/131072   ( 0.0%) 
cubemapsamples           0/1024            0/16384    ( 0.0%) 
overlays                 0/1024            0/360448   ( 0.0%) 
LDR lightdata         [variable]     2299300/0        ( 0.0%) 
HDR lightdata         [variable]           0/0        ( 0.0%) 
visdata               [variable]         404/16777216 ( 0.0%) 
entdata               [variable]        2504/393216   ( 0.6%) 
LDR ambient table      109/65536         436/262144   ( 0.2%) 
HDR ambient table      109/65536         436/262144   ( 0.2%) 
LDR leaf ambient        25/65536         700/1835008  ( 0.0%) 
HDR leaf ambient       109/65536        3052/1835008  ( 0.2%) 
occluders                0/0               0/0        ( 0.0%) 
occluder polygons        0/0               0/0        ( 0.0%) 
occluder vert ind        0/0               0/0        ( 0.0%) 
detail props          [variable]           1/12       ( 8.3%) 
static props          [variable]           1/12       ( 8.3%) 
pakfile               [variable]       74466/0        ( 0.0%) 
physics               [variable]        2388/4194304  ( 0.1%) 
physics terrain       [variable]           2/1048576  ( 0.0%) 

Level flags = 7d

Total triangle count: 580
Writing i:\csgodev\map\flat_grass_5120x3.bsp
0 seconds elapsed



[Reading texlights from 'lights.rad']
[17 texlights parsed from 'lights.rad']

Loading i:\csgodev\map\flat_grass_5120x3.bsp
270 faces
1083749 square feet [156059968.00 square inches]
0 Displacements
0 Square Feet [0.00 Square Inches]
270 patches before subdivision
14270 patches after subdivision
0 direct lights
0...1...2...3...4...5...6...7...8...9...100...1...2...3...4...5...6...7...8...9...10transfers 336530, max 265
transfer lists:   2.6 megs
0...1...2...3...4...5...6...7...8...9...10	Bounce #1 added RGB(0, 0, 0)
Build Patch/Sample Hash Table(s).....Done<0.0054 sec>
0...1...2...3...4...5...6...7...8...9...10FinalLightFace Done
0 of 0 (0% of) surface lights went in leaf ambient cubes.
0...1...2...3...4...5...6...7...8...9...10Writing leaf ambient...done
Ready to Finish

Object names       Objects/Maxobjs  Memory / Maxmem  Fullness 
------------       ---------------  ---------------  -------- 
models                   1/1024           48/49152    ( 0.1%) 
brushes                  6/8192           72/98304    ( 0.1%) 
brushsides              36/65536         288/524288   ( 0.1%) 
planes                  48/65536         960/1310720  ( 0.1%) 
vertexes               309/65536        3708/786432   ( 0.5%) 
nodes                  107/65536        3424/2097152  ( 0.2%) 
texinfos                 4/12288         288/884736   ( 0.0%) 
texdata                  2/2048           64/65536    ( 0.1%) 
dispinfos                0/0               0/0        ( 0.0%) 
disp_verts               0/0               0/0        ( 0.0%) 
disp_tris                0/0               0/0        ( 0.0%) 
disp_multiblend          0/0               0/0        ( 0.0%) 
disp_lmsamples           0/0               0/0        ( 0.0%) 
faces                  270/65536       15120/3670016  ( 0.4%) 
hdr faces              270/65536       15120/3670016  ( 0.4%) 
origfaces                6/65536         336/3670016  ( 0.0%) 
facebrushes              0/0               0/0        ( 0.0%) 
facebrushlists         270/0            1080/0        ( 0.0%) 
leaves                 109/65536        3488/2097152  ( 0.2%) 
leaffaces              270/65536         540/131072   ( 0.4%) 
leafbrushes             70/65536         140/131072   ( 0.1%) 
areas                    2/1024           16/8192     ( 0.2%) 
surfedges             1144/512000       4576/2048000  ( 0.2%) 
edges                  585/256000       2340/1024000  ( 0.2%) 
LDR worldlights          0/8192            0/819200   ( 0.0%) 
HDR worldlights          0/8192            0/819200   ( 0.0%) 
leafwaterdata            0/32768           0/393216   ( 0.0%) 
waterstrips              0/32768           0/327680   ( 0.0%) 
waterverts               0/65536           0/786432   ( 0.0%) 
waterindices             0/65536           0/131072   ( 0.0%) 
cubemapsamples           0/1024            0/16384    ( 0.0%) 
overlays                 0/1024            0/360448   ( 0.0%) 
LDR lightdata         [variable]     2299300/0        ( 0.0%) 
HDR lightdata         [variable]     2299300/0        ( 0.0%) 
visdata               [variable]         404/16777216 ( 0.0%) 
entdata               [variable]        2504/393216   ( 0.6%) 
LDR ambient table      109/65536         436/262144   ( 0.2%) 
HDR ambient table      109/65536         436/262144   ( 0.2%) 
LDR leaf ambient        25/65536         700/1835008  ( 0.0%) 
HDR leaf ambient        25/65536         700/1835008  ( 0.0%) 
occluders                0/0               0/0        ( 0.0%) 
occluder polygons        0/0               0/0        ( 0.0%) 
occluder vert ind        0/0               0/0        ( 0.0%) 
detail props          [variable]           1/12       ( 8.3%) 
static props          [variable]           1/12       ( 8.3%) 
pakfile               [variable]       74466/0        ( 0.0%) 
physics               [variable]        2388/4194304  ( 0.1%) 
physics terrain       [variable]           2/1048576  ( 0.0%) 

Level flags = 7f

Total triangle count: 580
Writing i:\csgodev\map\flat_grass_5120x3.bsp
0 seconds elapsed



materialPath: I:\steam\steamapps\common\Counter-Strike Global Offensive\csgo\materials
Loading i:\csgodev\map\flat_grass_5120x3.vmf
Map revision 2
fixing up env_cubemap materials on brush sides...
0...1...2...3...4...5...6...7...8...9...100...1...2...3...4...5...6...7...8...9...10Processing areas...done (0)
Building Faces...done (0)
FixTjuncs...
PruneNodes...
WriteBSP...
done (0)
writing i:\csgodev\map\flat_grass_5120x3.prt...Building visibility clusters...
done (0)
Finding displacement neighbors...
Finding lightmap sample positions...
Displacement Alpha : 0...1...2...3...4...5...6...7...8...9...10
Building Physics collision data...
done (0) (2388 bytes)
Placing detail props : 0...1...2...3...4...5...6...7...8...9...10
Compacting texture/material tables...
Reduced 6 texinfos to 4
Reduced 2 texdatas to 2 (55 bytes to 55)
Writing i:\csgodev\map\flat_grass_5120x3.bsp
0 seconds elapsed



8 threads
reading i:\csgodev\map\flat_grass_5120x3.bsp
reading i:\csgodev\map\flat_grass_5120x3.prt
  25 portalclusters
  40 numportals
0...1...2...3...4...5...6...7...8...9...100...1...2...3...4...5...6...7...8...9...10Optimized: 0 visible clusters (0.00%)
Total clusters visible: 625
Average clusters visible: 25
Building PAS...
Average clusters audible: 25
visdatasize:404  compressed from 400
writing i:\csgodev\map\flat_grass_5120x3.bsp
0 seconds elapsed



[Reading texlights from 'lights.rad']
[17 texlights parsed from 'lights.rad']

Loading i:\csgodev\map\flat_grass_5120x3.bsp
270 faces
1083749 square feet [156059968.00 square inches]
0 Displacements
0 Square Feet [0.00 Square Inches]
270 patches before subdivision
14270 patches after subdivision
0 direct lights
0...1...2...3...4...5...6...7...8...9...100...1...2...3...4...5...6...7...8...9...10transfers 336530, max 265
transfer lists:   2.6 megs
0...1...2...3...4...5...6...7...8...9...10	Bounce #1 added RGB(0, 0, 0)
Build Patch/Sample Hash Table(s).....Done<0.0052 sec>
0...1...2...3...4...5...6...7...8...9...10FinalLightFace Done
0 of 0 (0% of) surface lights went in leaf ambient cubes.
0...1...2...3...4...5...6...7...8...9...10Writing leaf ambient...done
Ready to Finish

Object names       Objects/Maxobjs  Memory / Maxmem  Fullness 
------------       ---------------  ---------------  -------- 
models                   1/1024           48/49152    ( 0.1%) 
brushes                  6/8192           72/98304    ( 0.1%) 
brushsides              36/65536         288/524288   ( 0.1%) 
planes                  48/65536         960/1310720  ( 0.1%) 
vertexes               309/65536        3708/786432   ( 0.5%) 
nodes                  107/65536        3424/2097152  ( 0.2%) 
texinfos                 4/12288         288/884736   ( 0.0%) 
texdata                  2/2048           64/65536    ( 0.1%) 
dispinfos                0/0               0/0        ( 0.0%) 
disp_verts               0/0               0/0        ( 0.0%) 
disp_tris                0/0               0/0        ( 0.0%) 
disp_multiblend          0/0               0/0        ( 0.0%) 
disp_lmsamples           0/0               0/0        ( 0.0%) 
faces                  270/65536       15120/3670016  ( 0.4%) 
hdr faces                0/65536           0/3670016  ( 0.0%) 
origfaces                6/65536         336/3670016  ( 0.0%) 
facebrushes              0/0               0/0        ( 0.0%) 
facebrushlists         270/0            1080/0        ( 0.0%) 
leaves                 109/65536        3488/2097152  ( 0.2%) 
leaffaces              270/65536         540/131072   ( 0.4%) 
leafbrushes             70/65536         140/131072   ( 0.1%) 
areas                    2/1024           16/8192     ( 0.2%) 
surfedges             1144/512000       4576/2048000  ( 0.2%) 
edges                  585/256000       2340/1024000  ( 0.2%) 
LDR worldlights          0/8192            0/819200   ( 0.0%) 
HDR worldlights          0/8192            0/819200   ( 0.0%) 
leafwaterdata            0/32768           0/393216   ( 0.0%) 
waterstrips              0/32768           0/327680   ( 0.0%) 
waterverts               0/65536           0/786432   ( 0.0%) 
waterindices             0/65536           0/131072   ( 0.0%) 
cubemapsamples           0/1024            0/16384    ( 0.0%) 
overlays                 0/1024            0/360448   ( 0.0%) 
LDR lightdata         [variable]     2299300/0        ( 0.0%) 
HDR lightdata         [variable]           0/0        ( 0.0%) 
visdata               [variable]         404/16777216 ( 0.0%) 
entdata               [variable]        2506/393216   ( 0.6%) 
LDR ambient table      109/65536         436/262144   ( 0.2%) 
HDR ambient table      109/65536         436/262144   ( 0.2%) 
LDR leaf ambient        25/65536         700/1835008  ( 0.0%) 
HDR leaf ambient       109/65536        3052/1835008  ( 0.2%) 
occluders                0/0               0/0        ( 0.0%) 
occluder polygons        0/0               0/0        ( 0.0%) 
occluder vert ind        0/0               0/0        ( 0.0%) 
detail props          [variable]           1/12       ( 8.3%) 
static props          [variable]           1/12       ( 8.3%) 
pakfile               [variable]       74466/0        ( 0.0%) 
physics               [variable]        2388/4194304  ( 0.1%) 
physics terrain       [variable]           2/1048576  ( 0.0%) 

Level flags = 7d

Total triangle count: 580
Writing i:\csgodev\map\flat_grass_5120x3.bsp
0 seconds elapsed



[Reading texlights from 'lights.rad']
[17 texlights parsed from 'lights.rad']

Loading i:\csgodev\map\flat_grass_5120x3.bsp
270 faces
1083749 square feet [156059968.00 square inches]
0 Displacements
0 Square Feet [0.00 Square Inches]
270 patches before subdivision
14270 patches after subdivision
0 direct lights
0...1...2...3...4...5...6...7...8...9...100...1...2...3...4...5...6...7...8...9...10transfers 336530, max 265
transfer lists:   2.6 megs
0...1...2...3...4...5...6...7...8...9...10	Bounce #1 added RGB(0, 0, 0)
Build Patch/Sample Hash Table(s).....Done<0.0057 sec>
0...1...2...3...4...5...6...7...8...9...10FinalLightFace Done
0 of 0 (0% of) surface lights went in leaf ambient cubes.
0...1...2...3...4...5...6...7...8...9...10Writing leaf ambient...done
Ready to Finish

Object names       Objects/Maxobjs  Memory / Maxmem  Fullness 
------------       ---------------  ---------------  -------- 
models                   1/1024           48/49152    ( 0.1%) 
brushes                  6/8192           72/98304    ( 0.1%) 
brushsides              36/65536         288/524288   ( 0.1%) 
planes                  48/65536         960/1310720  ( 0.1%) 
vertexes               309/65536        3708/786432   ( 0.5%) 
nodes                  107/65536        3424/2097152  ( 0.2%) 
texinfos                 4/12288         288/884736   ( 0.0%) 
texdata                  2/2048           64/65536    ( 0.1%) 
dispinfos                0/0               0/0        ( 0.0%) 
disp_verts               0/0               0/0        ( 0.0%) 
disp_tris                0/0               0/0        ( 0.0%) 
disp_multiblend          0/0               0/0        ( 0.0%) 
disp_lmsamples           0/0               0/0        ( 0.0%) 
faces                  270/65536       15120/3670016  ( 0.4%) 
hdr faces              270/65536       15120/3670016  ( 0.4%) 
origfaces                6/65536         336/3670016  ( 0.0%) 
facebrushes              0/0               0/0        ( 0.0%) 
facebrushlists         270/0            1080/0        ( 0.0%) 
leaves                 109/65536        3488/2097152  ( 0.2%) 
leaffaces              270/65536         540/131072   ( 0.4%) 
leafbrushes             70/65536         140/131072   ( 0.1%) 
areas                    2/1024           16/8192     ( 0.2%) 
surfedges             1144/512000       4576/2048000  ( 0.2%) 
edges                  585/256000       2340/1024000  ( 0.2%) 
LDR worldlights          0/8192            0/819200   ( 0.0%) 
HDR worldlights          0/8192            0/819200   ( 0.0%) 
leafwaterdata            0/32768           0/393216   ( 0.0%) 
waterstrips              0/32768           0/327680   ( 0.0%) 
waterverts               0/65536           0/786432   ( 0.0%) 
waterindices             0/65536           0/131072   ( 0.0%) 
cubemapsamples           0/1024            0/16384    ( 0.0%) 
overlays                 0/1024            0/360448   ( 0.0%) 
LDR lightdata         [variable]     2299300/0        ( 0.0%) 
HDR lightdata         [variable]     2299300/0        ( 0.0%) 
visdata               [variable]         404/16777216 ( 0.0%) 
entdata               [variable]        2506/393216   ( 0.6%) 
LDR ambient table      109/65536         436/262144   ( 0.2%) 
HDR ambient table      109/65536         436/262144   ( 0.2%) 
LDR leaf ambient        25/65536         700/1835008  ( 0.0%) 
HDR leaf ambient        25/65536         700/1835008  ( 0.0%) 
occluders                0/0               0/0        ( 0.0%) 
occluder polygons        0/0               0/0        ( 0.0%) 
occluder vert ind        0/0               0/0        ( 0.0%) 
detail props          [variable]           1/12       ( 8.3%) 
static props          [variable]           1/12       ( 8.3%) 
pakfile               [variable]       74466/0        ( 0.0%) 
physics               [variable]        2388/4194304  ( 0.1%) 
physics terrain       [variable]           2/1048576  ( 0.0%) 

Level flags = 7f

Total triangle count: 580
Writing i:\csgodev\map\flat_grass_5120x3.bsp
0 seconds elapsed



materialPath: I:\steam\steamapps\common\Counter-Strike Global Offensive\csgo\materials
Loading i:\csgodev\map\flat_grass_5120x3.vmf
Map revision 3
fixing up env_cubemap materials on brush sides...
0...1...2...3...4...5...6...7...8...9...100...1...2...3...4...5...6...7...8...9...10Processing areas...done (0)
Building Faces...done (0)
FixTjuncs...
PruneNodes...
WriteBSP...
done (0)
writing i:\csgodev\map\flat_grass_5120x3.prt...Building visibility clusters...
done (0)
Finding displacement neighbors...
Finding lightmap sample positions...
Displacement Alpha : 0...1...2...3...4...5...6...7...8...9...10
Building Physics collision data...
done (0) (2409 bytes)
Placing detail props : 0...1...2...3...4...5...6...7...8...9...10
Compacting texture/material tables...
Reduced 9 texinfos to 3
Reduced 3 texdatas to 3 (73 bytes to 73)
Writing i:\csgodev\map\flat_grass_5120x3.bsp
0 seconds elapsed



8 threads
reading i:\csgodev\map\flat_grass_5120x3.bsp
reading i:\csgodev\map\flat_grass_5120x3.prt
  25 portalclusters
  40 numportals
0...1...2...3...4...5...6...7...8...9...100...1...2...3...4...5...6...7...8...9...10Optimized: 0 visible clusters (0.00%)
Total clusters visible: 625
Average clusters visible: 25
Building PAS...
Average clusters audible: 25
visdatasize:404  compressed from 400
writing i:\csgodev\map\flat_grass_5120x3.bsp
0 seconds elapsed



[Reading texlights from 'lights.rad']
[17 texlights parsed from 'lights.rad']

Loading i:\csgodev\map\flat_grass_5120x3.bsp
270 faces
1083749 square feet [156059968.00 square inches]
0 Displacements
0 Square Feet [0.00 Square Inches]
270 patches before subdivision
14270 patches after subdivision
0 direct lights
0...1...2...3...4...5...6...7...8...9...100...1...2...3...4...5...6...7...8...9...10transfers 10113, max 225
transfer lists:   0.1 megs
0...1...2...3...4...5...6...7...8...9...10	Bounce #1 added RGB(0, 0, 0)
Build Patch/Sample Hash Table(s).....Done<0.0058 sec>
0...1...2...3...4...5...6...7...8...9...10FinalLightFace Done
0 of 0 (0% of) surface lights went in leaf ambient cubes.
0...1...2...3...4...5...6...7...8...9...10Writing leaf ambient...done
Ready to Finish

Object names       Objects/Maxobjs  Memory / Maxmem  Fullness 
------------       ---------------  ---------------  -------- 
models                   1/1024           48/49152    ( 0.1%) 
brushes                  6/8192           72/98304    ( 0.1%) 
brushsides              36/65536         288/524288   ( 0.1%) 
planes                  48/65536         960/1310720  ( 0.1%) 
vertexes               309/65536        3708/786432   ( 0.5%) 
nodes                  107/65536        3424/2097152  ( 0.2%) 
texinfos                 3/12288         216/884736   ( 0.0%) 
texdata                  3/2048           96/65536    ( 0.1%) 
dispinfos                0/0               0/0        ( 0.0%) 
disp_verts               0/0               0/0        ( 0.0%) 
disp_tris                0/0               0/0        ( 0.0%) 
disp_multiblend          0/0               0/0        ( 0.0%) 
disp_lmsamples           0/0               0/0        ( 0.0%) 
faces                  270/65536       15120/3670016  ( 0.4%) 
hdr faces                0/65536           0/3670016  ( 0.0%) 
origfaces                6/65536         336/3670016  ( 0.0%) 
facebrushes              0/0               0/0        ( 0.0%) 
facebrushlists         270/0            1080/0        ( 0.0%) 
leaves                 109/65536        3488/2097152  ( 0.2%) 
leaffaces              270/65536         540/131072   ( 0.4%) 
leafbrushes             70/65536         140/131072   ( 0.1%) 
areas                    2/1024           16/8192     ( 0.2%) 
surfedges             1144/512000       4576/2048000  ( 0.2%) 
edges                  585/256000       2340/1024000  ( 0.2%) 
LDR worldlights          0/8192            0/819200   ( 0.0%) 
HDR worldlights          0/8192            0/819200   ( 0.0%) 
leafwaterdata            0/32768           0/393216   ( 0.0%) 
waterstrips              0/32768           0/327680   ( 0.0%) 
waterverts               0/65536           0/786432   ( 0.0%) 
waterindices             0/65536           0/131072   ( 0.0%) 
cubemapsamples           0/1024            0/16384    ( 0.0%) 
overlays                 0/1024            0/360448   ( 0.0%) 
LDR lightdata         [variable]     2299300/0        ( 0.0%) 
HDR lightdata         [variable]           0/0        ( 0.0%) 
visdata               [variable]         404/16777216 ( 0.0%) 
entdata               [variable]        2504/393216   ( 0.6%) 
LDR ambient table      109/65536         436/262144   ( 0.2%) 
HDR ambient table      109/65536         436/262144   ( 0.2%) 
LDR leaf ambient        25/65536         700/1835008  ( 0.0%) 
HDR leaf ambient       109/65536        3052/1835008  ( 0.2%) 
occluders                0/0               0/0        ( 0.0%) 
occluder polygons        0/0               0/0        ( 0.0%) 
occluder vert ind        0/0               0/0        ( 0.0%) 
detail props          [variable]           1/12       ( 8.3%) 
static props          [variable]           1/12       ( 8.3%) 
pakfile               [variable]       74466/0        ( 0.0%) 
physics               [variable]        2409/4194304  ( 0.1%) 
physics terrain       [variable]           2/1048576  ( 0.0%) 

Level flags = 7d

Total triangle count: 580
Writing i:\csgodev\map\flat_grass_5120x3.bsp
0 seconds elapsed



[Reading texlights from 'lights.rad']
[17 texlights parsed from 'lights.rad']

Loading i:\csgodev\map\flat_grass_5120x3.bsp
270 faces
1083749 square feet [156059968.00 square inches]
0 Displacements
0 Square Feet [0.00 Square Inches]
270 patches before subdivision
14270 patches after subdivision
0 direct lights
0...1...2...3...4...5...6...7...8...9...100...1...2...3...4...5...6...7...8...9...10transfers 10113, max 225
transfer lists:   0.1 megs
0...1...2...3...4...5...6...7...8...9...10	Bounce #1 added RGB(0, 0, 0)
Build Patch/Sample Hash Table(s).....Done<0.0056 sec>
0...1...2...3...4...5...6...7...8...9...10FinalLightFace Done
0 of 0 (0% of) surface lights went in leaf ambient cubes.
0...1...2...3...4...5...6...7...8...9...10Writing leaf ambient...done
Ready to Finish

Object names       Objects/Maxobjs  Memory / Maxmem  Fullness 
------------       ---------------  ---------------  -------- 
models                   1/1024           48/49152    ( 0.1%) 
brushes                  6/8192           72/98304    ( 0.1%) 
brushsides              36/65536         288/524288   ( 0.1%) 
planes                  48/65536         960/1310720  ( 0.1%) 
vertexes               309/65536        3708/786432   ( 0.5%) 
nodes                  107/65536        3424/2097152  ( 0.2%) 
texinfos                 3/12288         216/884736   ( 0.0%) 
texdata                  3/2048           96/65536    ( 0.1%) 
dispinfos                0/0               0/0        ( 0.0%) 
disp_verts               0/0               0/0        ( 0.0%) 
disp_tris                0/0               0/0        ( 0.0%) 
disp_multiblend          0/0               0/0        ( 0.0%) 
disp_lmsamples           0/0               0/0        ( 0.0%) 
faces                  270/65536       15120/3670016  ( 0.4%) 
hdr faces              270/65536       15120/3670016  ( 0.4%) 
origfaces                6/65536         336/3670016  ( 0.0%) 
facebrushes              0/0               0/0        ( 0.0%) 
facebrushlists         270/0            1080/0        ( 0.0%) 
leaves                 109/65536        3488/2097152  ( 0.2%) 
leaffaces              270/65536         540/131072   ( 0.4%) 
leafbrushes             70/65536         140/131072   ( 0.1%) 
areas                    2/1024           16/8192     ( 0.2%) 
surfedges             1144/512000       4576/2048000  ( 0.2%) 
edges                  585/256000       2340/1024000  ( 0.2%) 
LDR worldlights          0/8192            0/819200   ( 0.0%) 
HDR worldlights          0/8192            0/819200   ( 0.0%) 
leafwaterdata            0/32768           0/393216   ( 0.0%) 
waterstrips              0/32768           0/327680   ( 0.0%) 
waterverts               0/65536           0/786432   ( 0.0%) 
waterindices             0/65536           0/131072   ( 0.0%) 
cubemapsamples           0/1024            0/16384    ( 0.0%) 
overlays                 0/1024            0/360448   ( 0.0%) 
LDR lightdata         [variable]     2299300/0        ( 0.0%) 
HDR lightdata         [variable]     2299300/0        ( 0.0%) 
visdata               [variable]         404/16777216 ( 0.0%) 
entdata               [variable]        2504/393216   ( 0.6%) 
LDR ambient table      109/65536         436/262144   ( 0.2%) 
HDR ambient table      109/65536         436/262144   ( 0.2%) 
LDR leaf ambient        25/65536         700/1835008  ( 0.0%) 
HDR leaf ambient        25/65536         700/1835008  ( 0.0%) 
occluders                0/0               0/0        ( 0.0%) 
occluder polygons        0/0               0/0        ( 0.0%) 
occluder vert ind        0/0               0/0        ( 0.0%) 
detail props          [variable]           1/12       ( 8.3%) 
static props          [variable]           1/12       ( 8.3%) 
pakfile               [variable]       74466/0        ( 0.0%) 
physics               [variable]        2409/4194304  ( 0.1%) 
physics terrain       [variable]           2/1048576  ( 0.0%) 

Level flags = 7f

Total triangle count: 580
Writing i:\csgodev\map\flat_grass_5120x3.bsp
0 seconds elapsed
