PRT1
25
40
4 0 2 (5110 4096 5110 ) (4096 4096 5110 ) (4096 4096 10 ) (5110 4096 10 ) 
4 0 1 (4096 4096 10 ) (4096 4096 5110 ) (4096 5110 5110 ) (4096 5110 10 ) 
4 1 4 (3072 4096 10 ) (3072 4096 5110 ) (3072 5110 5110 ) (3072 5110 10 ) 
4 1 3 (4096 4096 10 ) (4096 4096 5110 ) (3072 4096 5110 ) (3072 4096 10 ) 
4 2 10 (5110 3072 5110 ) (4096 3072 5110 ) (4096 3072 10 ) (5110 3072 10 ) 
4 2 3 (4096 4096 5110 ) (4096 4096 10 ) (4096 3072 10 ) (4096 3072 5110 ) 
4 3 11 (4096 3072 10 ) (4096 3072 5110 ) (3072 3072 5110 ) (3072 3072 10 ) 
4 3 6 (3072 3072 10 ) (3072 3072 5110 ) (3072 4096 5110 ) (3072 4096 10 ) 
4 4 6 (3072 4096 10 ) (3072 4096 5110 ) (2048 4096 5110 ) (2048 4096 10 ) 
4 4 5 (2048 4096 10 ) (2048 4096 5110 ) (2048 5110 5110 ) (2048 5110 10 ) 
4 5 8 (1024 4096 10 ) (1024 4096 5110 ) (1024 5110 5110 ) (1024 5110 10 ) 
4 5 7 (2048 4096 10 ) (2048 4096 5110 ) (1024 4096 5110 ) (1024 4096 10 ) 
4 6 16 (3072 3072 10 ) (3072 3072 5110 ) (2048 3072 5110 ) (2048 3072 10 ) 
4 6 7 (2048 4096 5110 ) (2048 4096 10 ) (2048 3072 10 ) (2048 3072 5110 ) 
4 7 17 (2048 3072 10 ) (2048 3072 5110 ) (1024 3072 5110 ) (1024 3072 10 ) 
4 7 9 (1024 3072 10 ) (1024 3072 5110 ) (1024 4096 5110 ) (1024 4096 10 ) 
4 8 9 (1024 4096 10 ) (1024 4096 5110 ) (10 4096 5110 ) (10 4096 10 ) 
4 9 20 (1024 3072 10 ) (1024 3072 5110 ) (10 3072 5110 ) (10 3072 10 ) 
4 10 12 (5110 2048 5110 ) (4096 2048 5110 ) (4096 2048 10 ) (5110 2048 10 ) 
4 10 11 (4096 3072 5110 ) (4096 3072 10 ) (4096 2048 10 ) (4096 2048 5110 ) 
4 11 16 (3072 3072 5110 ) (3072 3072 10 ) (3072 2048 10 ) (3072 2048 5110 ) 
4 11 13 (4096 2048 10 ) (4096 2048 5110 ) (3072 2048 5110 ) (3072 2048 10 ) 
4 12 14 (5110 1024 5110 ) (4096 1024 5110 ) (4096 1024 10 ) (5110 1024 10 ) 
4 12 13 (4096 2048 5110 ) (4096 2048 10 ) (4096 1024 10 ) (4096 1024 5110 ) 
4 13 18 (3072 1024 10 ) (3072 1024 5110 ) (3072 2048 5110 ) (3072 2048 10 ) 
4 13 15 (4096 1024 10 ) (4096 1024 5110 ) (3072 1024 5110 ) (3072 1024 10 ) 
4 14 15 (4096 1024 5110 ) (4096 1024 10 ) (4096 10 10 ) (4096 10 5110 ) 
4 15 22 (3072 10 5110 ) (3072 1024 5110 ) (3072 1024 10 ) (3072 10 10 ) 
4 16 18 (3072 2048 10 ) (3072 2048 5110 ) (2048 2048 5110 ) (2048 2048 10 ) 
4 16 17 (2048 3072 5110 ) (2048 3072 10 ) (2048 2048 10 ) (2048 2048 5110 ) 
4 17 20 (1024 3072 5110 ) (1024 3072 10 ) (1024 2048 10 ) (1024 2048 5110 ) 
4 17 19 (2048 2048 10 ) (2048 2048 5110 ) (1024 2048 5110 ) (1024 2048 10 ) 
4 18 22 (3072 1024 10 ) (3072 1024 5110 ) (2048 1024 5110 ) (2048 1024 10 ) 
4 18 19 (2048 2048 5110 ) (2048 2048 10 ) (2048 1024 10 ) (2048 1024 5110 ) 
4 19 23 (2048 1024 10 ) (2048 1024 5110 ) (1024 1024 5110 ) (1024 1024 10 ) 
4 19 21 (1024 1024 10 ) (1024 1024 5110 ) (1024 2048 5110 ) (1024 2048 10 ) 
4 20 21 (1024 2048 10 ) (1024 2048 5110 ) (10 2048 5110 ) (10 2048 10 ) 
4 21 24 (1024 1024 10 ) (1024 1024 5110 ) (10 1024 5110 ) (10 1024 10 ) 
4 22 23 (2048 1024 5110 ) (2048 1024 10 ) (2048 10 10 ) (2048 10 5110 ) 
4 23 24 (1024 1024 5110 ) (1024 1024 10 ) (1024 10 10 ) (1024 10 5110 ) 
